<?xml version="1.0" encoding="UTF-8"?>
<!-- Generated by org.testng.reporters.JUnitXMLReporter -->
<testsuite ignored="0" hostname="DESKTOP-QSDKNBH" failures="0" tests="5" name="Test" time="0.134" errors="0" timestamp="2024-04-15T19:47:50 IST">
  <testcase classname="test.TESTNG" name="test" time="0.015"/>
  <testcase classname="test.TESTNG" name="test" time="0.002"/>
  <testcase classname="test.TESTNG" name="test" time="0.003"/>
  <testcase classname="test.TESTNG" name="test" time="0.004"/>
  <testcase classname="test.TESTNG" name="test" time="0.005"/>
</testsuite> <!-- Test -->
