<?xml version="1.0" encoding="UTF-8"?>
<!-- Generated by org.testng.reporters.JUnitXMLReporter -->
<testsuite ignored="0" hostname="DESKTOP-QSDKNBH" failures="0" tests="5" name="Default test" time="0.211" errors="0" timestamp="2024-03-17T11:14:35 IST">
  <testcase classname="test.TESTNG" name="test" time="0.015"/>
  <testcase classname="test.TESTNG" name="test" time="0.002"/>
  <testcase classname="test.TESTNG" name="test" time="0.002"/>
  <testcase classname="test.TESTNG" name="test" time="0.002"/>
  <testcase classname="test.TESTNG" name="test" time="0.025"/>
</testsuite> <!-- Default test -->
