<?xml version="1.0" encoding="UTF-8"?>
<testng-results ignored="0" total="5" passed="5" failed="0" skipped="0">
  <reporter-output>
    <line>
      <![CDATA[signup]]>
    </line>
    <line>
      <![CDATA[signup]]>
    </line>
    <line>
      <![CDATA[signup]]>
    </line>
    <line>
      <![CDATA[signup]]>
    </line>
    <line>
      <![CDATA[signup]]>
    </line>
  </reporter-output>
  <suite started-at="2024-03-17T11:14:35 IST" name="Default suite" finished-at="2024-03-17T11:14:35 IST" duration-ms="211">
    <groups>
    </groups>
    <test started-at="2024-03-17T11:14:35 IST" name="Default test" finished-at="2024-03-17T11:14:35 IST" duration-ms="211">
      <class name="test.TESTNG">
        <test-method signature="test()[pri:0, instance:test.TESTNG@23c30a20]" started-at="2024-03-17T11:14:35 IST" name="test" finished-at="2024-03-17T11:14:35 IST" duration-ms="15" status="PASS">
          <reporter-output>
            <line>
              <![CDATA[signup]]>
            </line>
          </reporter-output>
        </test-method> <!-- test -->
        <test-method signature="test()[pri:0, instance:test.TESTNG@23c30a20]" started-at="2024-03-17T11:14:35 IST" name="test" finished-at="2024-03-17T11:14:35 IST" duration-ms="2" status="PASS">
          <reporter-output>
            <line>
              <![CDATA[signup]]>
            </line>
          </reporter-output>
        </test-method> <!-- test -->
        <test-method signature="test()[pri:0, instance:test.TESTNG@23c30a20]" started-at="2024-03-17T11:14:35 IST" name="test" finished-at="2024-03-17T11:14:35 IST" duration-ms="2" status="PASS">
          <reporter-output>
            <line>
              <![CDATA[signup]]>
            </line>
          </reporter-output>
        </test-method> <!-- test -->
        <test-method signature="test()[pri:0, instance:test.TESTNG@23c30a20]" started-at="2024-03-17T11:14:35 IST" name="test" finished-at="2024-03-17T11:14:35 IST" duration-ms="2" status="PASS">
          <reporter-output>
            <line>
              <![CDATA[signup]]>
            </line>
          </reporter-output>
        </test-method> <!-- test -->
        <test-method signature="test()[pri:0, instance:test.TESTNG@23c30a20]" started-at="2024-03-17T11:14:35 IST" name="test" finished-at="2024-03-17T11:14:35 IST" duration-ms="25" status="PASS">
          <reporter-output>
            <line>
              <![CDATA[signup]]>
            </line>
          </reporter-output>
        </test-method> <!-- test -->
      </class> <!-- test.TESTNG -->
    </test> <!-- Default test -->
  </suite> <!-- Default suite -->
</testng-results>
