<?xml version="1.0" encoding="UTF-8"?>
<testng-results ignored="0" total="5" passed="5" failed="0" skipped="0">
  <reporter-output>
    <line>
      <![CDATA[signup]]>
    </line>
    <line>
      <![CDATA[signup]]>
    </line>
    <line>
      <![CDATA[signup]]>
    </line>
    <line>
      <![CDATA[signup]]>
    </line>
    <line>
      <![CDATA[signup]]>
    </line>
  </reporter-output>
  <suite started-at="2024-04-15T19:47:49 IST" name="Suite" finished-at="2024-04-15T19:47:50 IST" duration-ms="134">
    <groups>
    </groups>
    <test started-at="2024-04-15T19:47:49 IST" name="Test" finished-at="2024-04-15T19:47:50 IST" duration-ms="134">
      <class name="test.TESTNG">
        <test-method signature="test()[pri:0, instance:test.TESTNG@23c30a20]" started-at="2024-04-15T19:47:49 IST" name="test" finished-at="2024-04-15T19:47:49 IST" duration-ms="15" status="PASS">
          <reporter-output>
            <line>
              <![CDATA[signup]]>
            </line>
          </reporter-output>
        </test-method> <!-- test -->
        <test-method signature="test()[pri:0, instance:test.TESTNG@23c30a20]" started-at="2024-04-15T19:47:50 IST" name="test" finished-at="2024-04-15T19:47:50 IST" duration-ms="2" status="PASS">
          <reporter-output>
            <line>
              <![CDATA[signup]]>
            </line>
          </reporter-output>
        </test-method> <!-- test -->
        <test-method signature="test()[pri:0, instance:test.TESTNG@23c30a20]" started-at="2024-04-15T19:47:50 IST" name="test" finished-at="2024-04-15T19:47:50 IST" duration-ms="3" status="PASS">
          <reporter-output>
            <line>
              <![CDATA[signup]]>
            </line>
          </reporter-output>
        </test-method> <!-- test -->
        <test-method signature="test()[pri:0, instance:test.TESTNG@23c30a20]" started-at="2024-04-15T19:47:50 IST" name="test" finished-at="2024-04-15T19:47:50 IST" duration-ms="4" status="PASS">
          <reporter-output>
            <line>
              <![CDATA[signup]]>
            </line>
          </reporter-output>
        </test-method> <!-- test -->
        <test-method signature="test()[pri:0, instance:test.TESTNG@23c30a20]" started-at="2024-04-15T19:47:50 IST" name="test" finished-at="2024-04-15T19:47:50 IST" duration-ms="5" status="PASS">
          <reporter-output>
            <line>
              <![CDATA[signup]]>
            </line>
          </reporter-output>
        </test-method> <!-- test -->
      </class> <!-- test.TESTNG -->
    </test> <!-- Test -->
  </suite> <!-- Suite -->
</testng-results>
